[INFO] 16:02:31:444 Team/(8324:8324): El logger general se creo con exito
[INFO] 16:02:31:445 Team/(8324:8324): El logger de los teams se creo con exito
[ERROR] 16:02:31:445 Team/(8324:8324): Archivo de configuracion no encontrado
[INFO] 16:03:34:491 Team/(8430:8430): El logger general se creo con exito
[INFO] 16:03:34:491 Team/(8430:8430): El logger de los teams se creo con exito
[ERROR] 16:03:34:491 Team/(8430:8430): Archivo de configuracion no encontrado
[INFO] 16:04:22:670 Team/(8512:8512): El logger general se creo con exito
[INFO] 16:04:22:673 Team/(8512:8512): El logger de los teams se creo con exito
[ERROR] 16:04:22:673 Team/(8512:8512): Archivo de configuracion no encontrado
[INFO] 16:05:13:636 Team/(8598:8598): El logger general se creo con exito
[INFO] 16:05:13:640 Team/(8598:8598): El logger de los teams se creo con exito
[INFO] 16:05:13:640 Team/(8598:8598): La configuracion fue cargada exitosamente
[INFO] 16:05:13:640 Team/(8598:8598): Listo para escuchar a mi cliente
[ERROR] 16:05:13:640 Team/(8598:8598): Error de conexion
[INFO] 16:05:13:641 Team/(8598:8598): Esperando por clientess
[INFO] 16:05:13:641 Team/(8598:8598): Esperando...
[INFO] 16:07:29:396 Team/(8726:8726): El logger general se creo con exito
[INFO] 16:07:29:400 Team/(8726:8726): El logger de los teams se creo con exito
[INFO] 16:07:29:400 Team/(8726:8726): La configuracion fue cargada exitosamente
[INFO] 16:07:29:400 Team/(8726:8726): Listo para escuchar a mi cliente
[ERROR] 16:07:29:400 Team/(8726:8726): Error de conexion
[INFO] 16:07:29:400 Team/(8726:8726): Esperando por clientess
[INFO] 16:07:29:400 Team/(8726:8726): Esperando...
[INFO] 17:22:01:432 Team/(11992:11992): El logger general se creo con exito!
[INFO] 17:22:01:460 Team/(11992:11992): El logger de los teams se creo con exito
[INFO] 17:22:01:460 Team/(11992:11992): La configuracion fue cargada exitosamente
[INFO] 17:22:01:460 Team/(11992:11992): Listo para escuchar a mi cliente
[ERROR] 17:22:01:460 Team/(11992:11992): Error de conexion
[INFO] 17:22:01:460 Team/(11992:11992): Esperando por clientess
[INFO] 17:22:01:460 Team/(11992:11992): Esperando...
[INFO] 17:24:18:936 Team/(12138:12138): El logger general se creo con exito!
[INFO] 17:24:18:945 Team/(12138:12138): El logger de los teams se creo con exito
[INFO] 17:24:18:945 Team/(12138:12138): La configuracion fue cargada exitosamente
[INFO] 17:24:18:945 Team/(12138:12138): Listo para escuchar a mi cliente
[ERROR] 17:24:18:945 Team/(12138:12138): Error de conexion
[INFO] 17:24:18:945 Team/(12138:12138): Esperando por clientess
[INFO] 17:24:18:946 Team/(12138:12138): Esperando...
[INFO] 17:24:51:742 Team/(12191:12191): El logger general se creo con exito!
[INFO] 17:24:51:743 Team/(12191:12191): El logger de los teams se creo con exito
[INFO] 17:24:51:743 Team/(12191:12191): La configuracion fue cargada exitosamente
[INFO] 17:24:51:743 Team/(12191:12191): Listo para escuchar a mi cliente
[ERROR] 17:24:51:743 Team/(12191:12191): Error de conexion
[INFO] 17:24:51:743 Team/(12191:12191): Esperando por clientess
[INFO] 17:24:51:743 Team/(12191:12191): Esperando...
[INFO] 17:25:36:571 Team/(12293:12293): El logger general se creo con exito!
[INFO] 17:25:36:574 Team/(12293:12293): El logger de los teams se creo con exito
[INFO] 17:25:36:574 Team/(12293:12293): La configuracion fue cargada exitosamente
[INFO] 17:25:36:577 Team/(12293:12293): Listo para escuchar a mi cliente
[ERROR] 17:25:36:577 Team/(12293:12293): Error de conexion
[INFO] 17:25:36:578 Team/(12293:12293): Esperando por clientess
[INFO] 17:25:36:578 Team/(12293:12293): Esperando...
[INFO] 18:18:56:452 Team/(14979:14979): El logger general se creo con exito!
[INFO] 18:18:56:458 Team/(14979:14979): El logger de los teams se creo con exito
[INFO] 18:18:56:458 Team/(14979:14979): La configuracion fue cargada exitosamente
[INFO] 18:18:56:459 Team/(14979:14979): Listo para escuchar a mi cliente
[ERROR] 18:18:56:459 Team/(14979:14979): Error de conexion
[INFO] 18:18:56:459 Team/(14979:14979): Esperando por clientess
[INFO] 18:18:56:459 Team/(14979:14979): Esperando...
